<?xml version="1.0" encoding="UTF-8"?>
<testng-results skipped="0" failed="0" total="2" passed="2">
  <reporter-output>
  </reporter-output>
  <suite name="Default suite" duration-ms="5341" started-at="2020-07-17T14:56:50Z" finished-at="2020-07-17T14:56:55Z">
    <groups>
    </groups>
    <test name="Default test" duration-ms="5341" started-at="2020-07-17T14:56:50Z" finished-at="2020-07-17T14:56:55Z">
      <class name="RestAssuredJava.RestAssured.ExcelDrivenExtended">
        <test-method status="PASS" signature="addBook()[pri:0, instance:RestAssuredJava.RestAssured.ExcelDrivenExtended@77caeb3e]" name="addBook" duration-ms="5091" started-at="2020-07-17T20:26:50Z" finished-at="2020-07-17T20:26:55Z">
          <reporter-output>
          </reporter-output>
        </test-method> <!-- addBook -->
        <test-method status="PASS" signature="deleteBook()[pri:0, instance:RestAssuredJava.RestAssured.ExcelDrivenExtended@77caeb3e]" name="deleteBook" duration-ms="216" started-at="2020-07-17T20:26:55Z" finished-at="2020-07-17T20:26:55Z">
          <reporter-output>
          </reporter-output>
        </test-method> <!-- deleteBook -->
      </class> <!-- RestAssuredJava.RestAssured.ExcelDrivenExtended -->
    </test> <!-- Default test -->
  </suite> <!-- Default suite -->
</testng-results>
